======20_25_09======
0
Array
(
    [0] => Array
        (
        )

    [1] => Array
        (
            [0] => 0
        )

    [2] => Array
        (
            [0] => Array
                (
                )

            [1] => Array
                (
                    [0] => 1
                )

        )

)

0
Array
(
    [0] => Array
        (
        )

    [1] => Array
        (
            [0] => 0
        )

    [2] => Array
        (
            [0] => Array
                (
                )

            [1] => Array
                (
                    [0] => 1
                )

        )

)

0
Array
(
    [0] => Array
        (
        )

    [1] => Array
        (
            [0] => 0
        )

    [2] => Array
        (
            [0] => Array
                (
                )

            [1] => Array
                (
                    [0] => 1
                )

        )

)

0
Array
(
    [0] => Array
        (
        )

    [1] => Array
        (
            [0] => 0
        )

    [2] => Array
        (
            [0] => Array
                (
                )

            [1] => Array
                (
                    [0] => 1
                )

        )

)

0
Array
(
    [0] => Array
        (
        )

    [1] => Array
        (
            [0] => 0
        )

    [2] => Array
        (
            [0] => Array
                (
                )

            [1] => Array
                (
                    [0] => 1
                )

        )

)

0
Array
(
    [0] => Array
        (
        )

    [1] => Array
        (
            [0] => 0
        )

    [2] => Array
        (
            [0] => Array
                (
                )

            [1] => Array
                (
                    [0] => 1
                )

        )

)

0
Array
(
    [0] => Array
        (
        )

    [1] => Array
        (
            [0] => 0
        )

    [2] => Array
        (
            [0] => Array
                (
                )

            [1] => Array
                (
                    [0] => 1
                )

        )

)

0
Array
(
    [0] => Array
        (
        )

    [1] => Array
        (
            [0] => 0
        )

    [2] => Array
        (
            [0] => Array
                (
                )

            [1] => Array
                (
                    [0] => 1
                )

        )

)

